0 info it worked if it ends with ok
1 verbose cli [ '/home/ubuntu/.nvm/versions/node/v4.5.0/bin/node',
1 verbose cli   '/home/ubuntu/.nvm/versions/node/v4.5.0/bin/npm',
1 verbose cli   'install',
1 verbose cli   'mongodb-org-server' ]
2 info using npm@2.15.9
3 info using node@v4.5.0
4 verbose install initial load of /home/ubuntu/workspace/package.json
5 warn package.json shopping-list2@1.0.0 No description
6 warn package.json shopping-list2@1.0.0 No README data
7 verbose installManyTop reading scoped package data from /home/ubuntu/workspace/node_modules/body-parser/package.json
8 verbose installManyTop reading scoped package data from /home/ubuntu/workspace/node_modules/chai/package.json
9 verbose installManyTop reading scoped package data from /home/ubuntu/workspace/node_modules/chai-http/package.json
10 verbose installManyTop reading scoped package data from /home/ubuntu/workspace/node_modules/express/package.json
11 verbose installManyTop reading scoped package data from /home/ubuntu/workspace/node_modules/mongodb/package.json
12 verbose installManyTop reading scoped package data from /home/ubuntu/workspace/node_modules/mongoose/package.json
13 info package.json mongodb@2.2.10 No README data
14 info package.json chai-http@3.0.0 No README data
15 info package.json chai-http@3.0.0 No license field.
16 verbose readDependencies loading dependencies from /home/ubuntu/workspace/package.json
17 silly cache add args [ 'mongodb-org-server', null ]
18 verbose cache add spec mongodb-org-server
19 silly cache add parsed spec Result {
19 silly cache add   raw: 'mongodb-org-server',
19 silly cache add   scope: null,
19 silly cache add   name: 'mongodb-org-server',
19 silly cache add   rawSpec: '',
19 silly cache add   spec: 'latest',
19 silly cache add   type: 'tag' }
20 silly addNamed mongodb-org-server@latest
21 verbose addNamed "latest" is being treated as a dist-tag for mongodb-org-server
22 info addNameTag [ 'mongodb-org-server', 'latest' ]
23 silly mapToRegistry name mongodb-org-server
24 silly mapToRegistry using default registry
25 silly mapToRegistry registry https://registry.npmjs.org/
26 silly mapToRegistry data Result {
26 silly mapToRegistry   raw: 'mongodb-org-server',
26 silly mapToRegistry   scope: null,
26 silly mapToRegistry   name: 'mongodb-org-server',
26 silly mapToRegistry   rawSpec: '',
26 silly mapToRegistry   spec: 'latest',
26 silly mapToRegistry   type: 'tag' }
27 silly mapToRegistry uri https://registry.npmjs.org/mongodb-org-server
28 verbose addNameTag registry:https://registry.npmjs.org/mongodb-org-server not in flight; fetching
29 verbose request uri https://registry.npmjs.org/mongodb-org-server
30 verbose request no auth needed
31 info attempt registry request try #1 at 9:03:32 PM
32 verbose request id 34bed4171f7431e2
33 http request GET https://registry.npmjs.org/mongodb-org-server
34 http 404 https://registry.npmjs.org/mongodb-org-server
35 verbose headers { 'content-type': 'application/json',
35 verbose headers   'cache-control': 'max-age=0',
35 verbose headers   'content-length': '2',
35 verbose headers   'accept-ranges': 'bytes',
35 verbose headers   date: 'Mon, 03 Oct 2016 21:03:33 GMT',
35 verbose headers   via: '1.1 varnish',
35 verbose headers   age: '0',
35 verbose headers   connection: 'keep-alive',
35 verbose headers   'x-served-by': 'cache-ord1722-ORD',
35 verbose headers   'x-cache': 'MISS',
35 verbose headers   'x-cache-hits': '0',
35 verbose headers   'x-timer': 'S1475528613.032210,VS0,VE349',
35 verbose headers   vary: 'Accept-Encoding' }
36 silly get cb [ 404,
36 silly get   { 'content-type': 'application/json',
36 silly get     'cache-control': 'max-age=0',
36 silly get     'content-length': '2',
36 silly get     'accept-ranges': 'bytes',
36 silly get     date: 'Mon, 03 Oct 2016 21:03:33 GMT',
36 silly get     via: '1.1 varnish',
36 silly get     age: '0',
36 silly get     connection: 'keep-alive',
36 silly get     'x-served-by': 'cache-ord1722-ORD',
36 silly get     'x-cache': 'MISS',
36 silly get     'x-cache-hits': '0',
36 silly get     'x-timer': 'S1475528613.032210,VS0,VE349',
36 silly get     vary: 'Accept-Encoding' } ]
37 verbose stack Error: Registry returned 404 for GET on https://registry.npmjs.org/mongodb-org-server
37 verbose stack     at makeError (/home/ubuntu/.nvm/versions/node/v4.5.0/lib/node_modules/npm/node_modules/npm-registry-client/lib/request.js:264:12)
37 verbose stack     at CachingRegistryClient.<anonymous> (/home/ubuntu/.nvm/versions/node/v4.5.0/lib/node_modules/npm/node_modules/npm-registry-client/lib/request.js:242:14)
37 verbose stack     at Request._callback (/home/ubuntu/.nvm/versions/node/v4.5.0/lib/node_modules/npm/node_modules/npm-registry-client/lib/request.js:172:14)
37 verbose stack     at Request.self.callback (/home/ubuntu/.nvm/versions/node/v4.5.0/lib/node_modules/npm/node_modules/request/request.js:200:22)
37 verbose stack     at emitTwo (events.js:87:13)
37 verbose stack     at Request.emit (events.js:172:7)
37 verbose stack     at Request.<anonymous> (/home/ubuntu/.nvm/versions/node/v4.5.0/lib/node_modules/npm/node_modules/request/request.js:1067:10)
37 verbose stack     at emitOne (events.js:82:20)
37 verbose stack     at Request.emit (events.js:169:7)
37 verbose stack     at IncomingMessage.<anonymous> (/home/ubuntu/.nvm/versions/node/v4.5.0/lib/node_modules/npm/node_modules/request/request.js:988:12)
38 verbose statusCode 404
39 verbose pkgid mongodb-org-server
40 verbose cwd /home/ubuntu/workspace
41 error Linux 4.2.0-c9
42 error argv "/home/ubuntu/.nvm/versions/node/v4.5.0/bin/node" "/home/ubuntu/.nvm/versions/node/v4.5.0/bin/npm" "install" "mongodb-org-server"
43 error node v4.5.0
44 error npm  v2.15.9
45 error code E404
46 error 404 Registry returned 404 for GET on https://registry.npmjs.org/mongodb-org-server
46 error 404
46 error 404 'mongodb-org-server' is not in the npm registry.
46 error 404 You should bug the author to publish it (or use the name yourself!)
46 error 404 It was specified as a dependency of 'shopping-list2'
46 error 404
46 error 404 Note that you can also install from a
46 error 404 tarball, folder, http url, or git url.
47 verbose exit [ 1, true ]
